c:\users\jn wu\desktop\cpp\cpp\main\rs232dll\rs232dll\x64\debug\vc141.pdb
c:\users\jn wu\desktop\cpp\cpp\main\rs232dll\rs232dll\x64\debug\vc141.idb
c:\users\jn wu\desktop\cpp\cpp\main\rs232dll\rs232dll\x64\debug\sampleonnxmnist.obj
c:\users\jn wu\desktop\cpp\cpp\main\rs232dll\rs232dll\x64\debug\dll.obj
c:\users\jn wu\desktop\cpp\cpp\main\rs232dll\rs232dll\x64\debug\main.obj
c:\users\jn wu\desktop\cpp\cpp\main\rs232dll\rs232dll\x64\debug\densedl.obj
c:\users\jn wu\desktop\cpp\cpp\main\rs232dll\rs232dll\x64\debug\dataloader.obj
c:\users\jn wu\desktop\cpp\cpp\main\rs232dll\rs232dll\x64\debug\logger.obj
c:\users\jn wu\desktop\cpp\cpp\main\rs232dll\rs232dll\x64\debug\main_test.obj
c:\users\jn wu\desktop\cpp\cpp\main\rs232dll\rs232dll\x64\debug\tinytiffwriter.obj
c:\users\jn wu\desktop\cpp\cpp\main\rs232dll\rs232dll\x64\debug\tinytiffreader.obj
c:\users\jn wu\desktop\cpp\cpp\main\rs232dll\rs232dll\x64\debug\getopt.obj
c:\users\jn wu\desktop\cpp\cpp\main\rs232dll\x64\debug\medsr-storm.ilk
c:\users\jn wu\desktop\cpp\cpp\main\rs232dll\x64\debug\medsr-storm.exe
c:\users\jn wu\desktop\cpp\cpp\main\rs232dll\x64\debug\medsr-storm.pdb
c:\users\jn wu\desktop\cpp\cpp\main\rs232dll\x64\debug\medsr-storm.lib
c:\users\jn wu\desktop\cpp\cpp\main\rs232dll\x64\debug\medsr-storm.exp
c:\users\jn wu\desktop\cpp\cpp\main\rs232dll\rs232dll\x64\debug\cudaimageadd.cu.cache
c:\users\jn wu\desktop\cpp\cpp\main\rs232dll\rs232dll\x64\debug\cudaimageadd.cu.obj
c:\users\jn wu\desktop\cpp\cpp\main\rs232dll\x64\debug\medsr-storm.dll
c:\users\jn wu\desktop\cpp\cpp\main\rs232dll\rs232dll\x64\debug\medsr-storm.tlog\cl.command.1.tlog
c:\users\jn wu\desktop\cpp\cpp\main\rs232dll\rs232dll\x64\debug\medsr-storm.tlog\cl.read.1.tlog
c:\users\jn wu\desktop\cpp\cpp\main\rs232dll\rs232dll\x64\debug\medsr-storm.tlog\cl.write.1.tlog
c:\users\jn wu\desktop\cpp\cpp\main\rs232dll\rs232dll\x64\debug\medsr-storm.tlog\cudacompile.read.1u.tlog
c:\users\jn wu\desktop\cpp\cpp\main\rs232dll\rs232dll\x64\debug\medsr-storm.tlog\cudacompile.write.1u.tlog
c:\users\jn wu\desktop\cpp\cpp\main\rs232dll\rs232dll\x64\debug\medsr-storm.tlog\link.command.1.tlog
c:\users\jn wu\desktop\cpp\cpp\main\rs232dll\rs232dll\x64\debug\medsr-storm.tlog\link.delete.1.tlog
c:\users\jn wu\desktop\cpp\cpp\main\rs232dll\rs232dll\x64\debug\medsr-storm.tlog\link.read.1.tlog
c:\users\jn wu\desktop\cpp\cpp\main\rs232dll\rs232dll\x64\debug\medsr-storm.tlog\link.write.1.tlog
c:\users\jn wu\desktop\cpp\cpp\main\rs232dll\rs232dll\x64\debug\medsr-storm.tlog\medsr-storm.write.1u.tlog
