c:\users\jn wu\desktop\cpp\cpp\main\rs232dll\rs232dll\x64\debug\vc141.pdb
c:\users\jn wu\desktop\cpp\cpp\main\rs232dll\rs232dll\x64\debug\vc141.idb
c:\users\jn wu\desktop\cpp\cpp\main\rs232dll\rs232dll\x64\debug\sampleonnxmnist.obj
c:\users\jn wu\desktop\cpp\cpp\main\rs232dll\rs232dll\x64\debug\rs232dll.obj
c:\users\jn wu\desktop\cpp\cpp\main\rs232dll\rs232dll\x64\debug\main.obj
c:\users\jn wu\desktop\cpp\cpp\main\rs232dll\rs232dll\x64\debug\densedl.obj
c:\users\jn wu\desktop\cpp\cpp\main\rs232dll\rs232dll\x64\debug\dataloader.obj
c:\users\jn wu\desktop\cpp\cpp\main\rs232dll\rs232dll\x64\debug\logger.obj
c:\users\jn wu\desktop\cpp\cpp\main\rs232dll\rs232dll\x64\debug\tinytiffwriter.obj
c:\users\jn wu\desktop\cpp\cpp\main\rs232dll\rs232dll\x64\debug\tinytiffreader.obj
c:\users\jn wu\desktop\cpp\cpp\main\rs232dll\rs232dll\x64\debug\getopt.obj
x64\debug\cudaimageadd.cu.obj
c:\users\jn wu\desktop\cpp\cpp\main\rs232dll\x64\debug\rs232dll.ilk
c:\users\jn wu\desktop\cpp\cpp\main\rs232dll\x64\debug\rs232dll.dll
c:\users\jn wu\desktop\cpp\cpp\main\rs232dll\x64\debug\rs232dll.pdb
c:\users\jn wu\desktop\cpp\cpp\main\rs232dll\x64\debug\rs232dll.lib
c:\users\jn wu\desktop\cpp\cpp\main\rs232dll\x64\debug\rs232dll.exp
c:\users\jn wu\desktop\cpp\cpp\main\rs232dll\rs232dll\x64\debug\cudaimageadd.cu.cache
c:\users\jn wu\desktop\cpp\cpp\main\rs232dll\rs232dll\x64\debug\cudaimageadd.cu.obj
c:\users\jn wu\desktop\cpp\cpp\main\rs232dll\rs232dll\x64\debug\rs232dll.tlog\cl.command.1.tlog
c:\users\jn wu\desktop\cpp\cpp\main\rs232dll\rs232dll\x64\debug\rs232dll.tlog\cl.read.1.tlog
c:\users\jn wu\desktop\cpp\cpp\main\rs232dll\rs232dll\x64\debug\rs232dll.tlog\cl.write.1.tlog
c:\users\jn wu\desktop\cpp\cpp\main\rs232dll\rs232dll\x64\debug\rs232dll.tlog\cudacompile.read.1u.tlog
c:\users\jn wu\desktop\cpp\cpp\main\rs232dll\rs232dll\x64\debug\rs232dll.tlog\cudacompile.write.1u.tlog
c:\users\jn wu\desktop\cpp\cpp\main\rs232dll\rs232dll\x64\debug\rs232dll.tlog\link.command.1.tlog
c:\users\jn wu\desktop\cpp\cpp\main\rs232dll\rs232dll\x64\debug\rs232dll.tlog\link.read.1.tlog
c:\users\jn wu\desktop\cpp\cpp\main\rs232dll\rs232dll\x64\debug\rs232dll.tlog\link.write.1.tlog
c:\users\jn wu\desktop\cpp\cpp\main\rs232dll\rs232dll\x64\debug\rs232dll.tlog\rs232dll.write.1u.tlog
